[debug] [2025-03-12T12:08:25.547Z] ----------------------------------------------------------------------
[debug] [2025-03-12T12:08:25.551Z] Command:       C:\Program Files\nodejs\node.exe C:\Users\David\AppData\Roaming\npm\node_modules\firebase-tools\lib\bin\firebase.js init
[debug] [2025-03-12T12:08:25.552Z] CLI Version:   13.34.0
[debug] [2025-03-12T12:08:25.552Z] Platform:      win32
[debug] [2025-03-12T12:08:25.552Z] Node Version:  v21.3.0
[debug] [2025-03-12T12:08:25.552Z] Time:          Wed Mar 12 2025 12:08:25 GMT+0000 (Greenwich Mean Time)
[debug] [2025-03-12T12:08:25.553Z] ----------------------------------------------------------------------
[debug] 
[debug] [2025-03-12T12:08:25.563Z] > command requires scopes: ["email","openid","https://www.googleapis.com/auth/cloudplatformprojects.readonly","https://www.googleapis.com/auth/firebase","https://www.googleapis.com/auth/cloud-platform"]
[debug] [2025-03-12T12:08:25.564Z] > authorizing via signed-in user (mr.davidoak@gmail.com)
[info] 
     ######## #### ########  ######## ########     ###     ######  ########
     ##        ##  ##     ## ##       ##     ##  ##   ##  ##       ##
     ######    ##  ########  ######   ########  #########  ######  ######
     ##        ##  ##    ##  ##       ##     ## ##     ##       ## ##
     ##       #### ##     ## ######## ########  ##     ##  ######  ########

You're about to initialize a Firebase project in this directory:

  C:\Users\David\Desktop\mcgoogle\frontend

[info] 
=== Project Setup
[info] 
[info] First, let's associate this project directory with a Firebase project.
[info] You can create multiple project aliases by running firebase use --add, 
[info] but for now we'll just set up a default project.
[info] 
[debug] [2025-03-12T12:08:45.193Z] Checked if tokens are valid: false, expires at: 1741690463358
[debug] [2025-03-12T12:08:45.193Z] Checked if tokens are valid: false, expires at: 1741690463358
[debug] [2025-03-12T12:08:45.194Z] > refreshing access token with scopes: []
[debug] [2025-03-12T12:08:45.196Z] >>> [apiv2][query] POST https://www.googleapis.com/oauth2/v3/token [none]
[debug] [2025-03-12T12:08:45.196Z] >>> [apiv2][body] POST https://www.googleapis.com/oauth2/v3/token [omitted]
[debug] [2025-03-12T12:08:45.405Z] <<< [apiv2][status] POST https://www.googleapis.com/oauth2/v3/token 200
[debug] [2025-03-12T12:08:45.405Z] <<< [apiv2][body] POST https://www.googleapis.com/oauth2/v3/token [omitted]
[debug] [2025-03-12T12:08:45.424Z] >>> [apiv2][query] GET https://firebase.googleapis.com/v1beta1/projects pageSize=100
[debug] [2025-03-12T12:08:45.856Z] <<< [apiv2][status] GET https://firebase.googleapis.com/v1beta1/projects 200
[debug] [2025-03-12T12:08:45.856Z] <<< [apiv2][body] GET https://firebase.googleapis.com/v1beta1/projects [omitted]
[info] i  Using project apps-84c5e (Google Apps) 
[info] 
=== Hosting Setup
[debug] [2025-03-12T12:08:47.443Z] Checked if tokens are valid: true, expires at: 1741784924406
[debug] [2025-03-12T12:08:47.443Z] Checked if tokens are valid: true, expires at: 1741784924406
[debug] [2025-03-12T12:08:47.443Z] >>> [apiv2][query] GET https://firebase.googleapis.com/v1beta1/projects/apps-84c5e [none]
[debug] [2025-03-12T12:08:47.652Z] <<< [apiv2][status] GET https://firebase.googleapis.com/v1beta1/projects/apps-84c5e 200
[debug] [2025-03-12T12:08:47.652Z] <<< [apiv2][body] GET https://firebase.googleapis.com/v1beta1/projects/apps-84c5e {"projectId":"apps-84c5e","projectNumber":"736273475354","displayName":"Google Apps","name":"projects/apps-84c5e","resources":{"hostingSite":"apps-84c5e","realtimeDatabaseInstance":"apps-84c5e-default-rtdb"},"state":"ACTIVE","etag":"1_3fe0d628-54b3-45b6-b68c-0a149b0d260c"}
[info] 
[info] Your public directory is the folder (relative to your project directory) that
[info] will contain Hosting assets to be uploaded with firebase deploy. If you
[info] have a build process for your assets, use your build's output directory.
[info] 
